#-----------------------------------------------------------
# Vivado v2019.1 (64-bit)
# SW Build 2552052 on Fri May 24 14:49:42 MDT 2019
# IP Build 2548770 on Fri May 24 18:01:18 MDT 2019
# Start of session at: Fri Sep 20 14:13:40 2019
# Process ID: 11416
# Current directory: D:/vivado projects/lab6_HW
# Command line: vivado.exe -gui_launcher_event rodinguilauncherevent15388 D:\vivado projects\lab6_HW\lab6_HW.xpr
# Log file: D:/vivado projects/lab6_HW/vivado.log
# Journal file: D:/vivado projects/lab6_HW\vivado.jou
#-----------------------------------------------------------
start_gui
open_project {D:/vivado projects/lab6_HW/lab6_HW.xpr}
Scanning sources...
Finished scanning sources
INFO: [IP_Flow 19-234] Refreshing IP repositories
INFO: [IP_Flow 19-1704] No user IP repositories specified
INFO: [Common 17-41] Interrupt caught. Command should exit soon.
INFO: [IP_Flow 19-2313] Loaded Vivado IP repository 'C:/Xilinx/Vivado/2019.1/data/ip'.
INFO: [Common 17-344] 'open_project' was cancelled
exit
INFO: [Common 17-206] Exiting Vivado at Fri Sep 20 14:14:17 2019...
